2021-03-05 17:34:43.034  INFO 4924 --- [main] com.example.jpa.JpaApplication           : Starting JpaApplication using Java 1.8.0_191 on Sigmob-Mac-mini.local with PID 4924 (/Users/happyelements/IdeaProjects/learn-jpa/target/classes started by happyelements in /Users/happyelements/IdeaProjects/learn-jpa)
2021-03-05 17:34:43.037 DEBUG 4924 --- [main] com.example.jpa.JpaApplication           : Running with Spring Boot v2.4.3, Spring v5.3.4
2021-03-05 17:34:43.044  INFO 4924 --- [main] com.example.jpa.JpaApplication           : No active profile set, falling back to default profiles: default
2021-03-05 17:34:45.843  INFO 4924 --- [main] .s.d.r.c.RepositoryConfigurationDelegate : Bootstrapping Spring Data JPA repositories in DEFAULT mode.
2021-03-05 17:34:46.015  INFO 4924 --- [main] .s.d.r.c.RepositoryConfigurationDelegate : Finished Spring Data repository scanning in 134 ms. Found 3 JPA repository interfaces.
2021-03-05 17:34:47.113  INFO 4924 --- [main] trationDelegate$BeanPostProcessorChecker : Bean 'com.thebeastshop.forest.springboot.ForestAutoConfiguration' of type [com.thebeastshop.forest.springboot.ForestAutoConfiguration$$EnhancerBySpringCGLIB$$f8a767c1] is not eligible for getting processed by all BeanPostProcessors (for example: not eligible for auto-proxying)
2021-03-05 17:34:47.153  INFO 4924 --- [main] trationDelegate$BeanPostProcessorChecker : Bean 'forestConfigurationProperties' of type [com.thebeastshop.forest.springboot.properties.ForestConfigurationProperties] is not eligible for getting processed by all BeanPostProcessors (for example: not eligible for auto-proxying)
2021-03-05 17:34:47.250  INFO 4924 --- [main] trationDelegate$BeanPostProcessorChecker : Bean '(inner bean)#1ba05e38' of type [com.dtflys.forest.interceptor.SpringInterceptorFactory] is not eligible for getting processed by all BeanPostProcessors (for example: not eligible for auto-proxying)
2021-03-05 17:34:47.258  INFO 4924 --- [main] trationDelegate$BeanPostProcessorChecker : Bean 'forestConfiguration' of type [com.dtflys.forest.config.ForestConfiguration] is not eligible for getting processed by all BeanPostProcessors (for example: not eligible for auto-proxying)
2021-03-05 17:34:47.307  INFO 4924 --- [main] c.d.f.scanner.ClassPathClientScanner     : [Forest] Created Forest Client Bean with name 'myClient' and Proxy of 'com.example.jpa.client.MyClient' client interface
2021-03-05 17:34:47.325  INFO 4924 --- [main] trationDelegate$BeanPostProcessorChecker : Bean 'myClient' of type [com.dtflys.forest.beans.ClientFactoryBean] is not eligible for getting processed by all BeanPostProcessors (for example: not eligible for auto-proxying)
2021-03-05 17:34:47.998  INFO 4924 --- [main] o.s.b.w.embedded.tomcat.TomcatWebServer  : Tomcat initialized with port(s): 8080 (http)
2021-03-05 17:34:48.011  INFO 4924 --- [main] o.apache.catalina.core.StandardService   : Starting service [Tomcat]
2021-03-05 17:34:48.012  INFO 4924 --- [main] org.apache.catalina.core.StandardEngine  : Starting Servlet engine: [Apache Tomcat/9.0.43]
2021-03-05 17:34:48.191  INFO 4924 --- [main] o.a.c.c.C.[Tomcat].[localhost].[/]       : Initializing Spring embedded WebApplicationContext
2021-03-05 17:34:48.192  INFO 4924 --- [main] w.s.c.ServletWebServerApplicationContext : Root WebApplicationContext: initialization completed in 4888 ms
2021-03-05 17:34:48.560  INFO 4924 --- [main] o.hibernate.jpa.internal.util.LogHelper  : HHH000204: Processing PersistenceUnitInfo [name: default]
2021-03-05 17:34:48.632  INFO 4924 --- [main] org.hibernate.Version                    : HHH000412: Hibernate ORM core version 5.4.28.Final
2021-03-05 17:34:48.827  INFO 4924 --- [main] o.hibernate.annotations.common.Version   : HCANN000001: Hibernate Commons Annotations {5.1.2.Final}
2021-03-05 17:34:48.969  INFO 4924 --- [main] com.zaxxer.hikari.HikariDataSource       : HikariPool-1 - Starting...
2021-03-05 17:34:49.178  INFO 4924 --- [main] com.zaxxer.hikari.HikariDataSource       : HikariPool-1 - Start completed.
2021-03-05 17:34:49.213  INFO 4924 --- [main] org.hibernate.dialect.Dialect            : HHH000400: Using dialect: org.hibernate.dialect.H2Dialect
2021-03-05 17:34:50.219  INFO 4924 --- [main] o.h.e.t.j.p.i.JtaPlatformInitiator       : HHH000490: Using JtaPlatform implementation: [org.hibernate.engine.transaction.jta.platform.internal.NoJtaPlatform]
2021-03-05 17:34:50.230  INFO 4924 --- [main] j.LocalContainerEntityManagerFactoryBean : Initialized JPA EntityManagerFactory for persistence unit 'default'
2021-03-05 17:34:51.551  WARN 4924 --- [main] JpaBaseConfiguration$JpaWebConfiguration : spring.jpa.open-in-view is enabled by default. Therefore, database queries may be performed during view rendering. Explicitly configure spring.jpa.open-in-view to disable this warning
2021-03-05 17:34:52.230  INFO 4924 --- [main] o.s.s.concurrent.ThreadPoolTaskExecutor  : Initializing ExecutorService 'applicationTaskExecutor'
2021-03-05 17:34:53.006  INFO 4924 --- [main] o.s.b.w.embedded.tomcat.TomcatWebServer  : Tomcat started on port(s): 8080 (http) with context path ''
2021-03-05 17:34:53.017  INFO 4924 --- [main] com.example.jpa.JpaApplication           : Started JpaApplication in 10.985 seconds (JVM running for 12.292)
2021-03-05 17:35:32.402  INFO 4924 --- [http-nio-8080-exec-2] o.a.c.c.C.[Tomcat].[localhost].[/]       : Initializing Spring DispatcherServlet 'dispatcherServlet'
2021-03-05 17:35:32.409  INFO 4924 --- [http-nio-8080-exec-2] o.s.web.servlet.DispatcherServlet        : Initializing Servlet 'dispatcherServlet'
2021-03-05 17:35:32.435  INFO 4924 --- [http-nio-8080-exec-2] o.s.web.servlet.DispatcherServlet        : Completed initialization in 21 ms
2021-03-05 17:35:37.836 DEBUG 4924 --- [http-nio-8080-exec-2] com.example.jpa.core.ControllerLogAop    : Request URL: [http://localhost:8080/create], URI: [/create], Request Method: [POST], IP: [0:0:0:0:0:0:0:1]
2021-03-05 17:35:38.345 DEBUG 4924 --- [http-nio-8080-exec-2] com.example.jpa.core.ControllerLogAop    : UserController.createUser Parameters: [[{"name":"测试复制大萨达","id":0,"status":0}]]
2021-03-05 17:35:39.474  INFO 4924 --- [http-nio-8080-exec-2] c.e.jpa.event.user.UserCreateEvent       : 新建用户：测试复制大萨达
2021-03-05 17:35:39.558 DEBUG 4924 --- [http-nio-8080-exec-2] com.example.jpa.core.ControllerLogAop    : UserController.createUser Response: [{"id":0,"name":"测试复制大萨达","password":null,"birthday":null}]
2021-03-05 17:35:39.564 DEBUG 4924 --- [http-nio-8080-exec-2] com.example.jpa.core.ControllerLogAop    : Usage:
StopWatch '/create': running time = 1775270724 ns
---------------------------------------------
ns         %     Task name
---------------------------------------------
559699859  032%  PrintRequest
1210267947  068%  UserController#createUser
005302918  000%  PrintResponse

2021-03-05 17:35:39.671  INFO 4924 --- [http-nio-8080-exec-2] c.e.j.core.CommonResultControllerAdvice  : com.example.jpa.dto.UserDto
2021-03-05 17:35:39.672  INFO 4924 --- [http-nio-8080-exec-2] c.e.j.core.CommonResultControllerAdvice  : [interface com.example.jpa.dto.base.OutputConverter]
2021-03-05 17:36:21.065  INFO 4924 --- [SpringContextShutdownHook] o.s.s.concurrent.ThreadPoolTaskExecutor  : Shutting down ExecutorService 'applicationTaskExecutor'
2021-03-05 17:36:21.075  INFO 4924 --- [SpringContextShutdownHook] j.LocalContainerEntityManagerFactoryBean : Closing JPA EntityManagerFactory for persistence unit 'default'
2021-03-05 17:36:21.088  INFO 4924 --- [SpringContextShutdownHook] com.zaxxer.hikari.HikariDataSource       : HikariPool-1 - Shutdown initiated...
2021-03-05 17:36:21.097  INFO 4924 --- [SpringContextShutdownHook] com.zaxxer.hikari.HikariDataSource       : HikariPool-1 - Shutdown completed.
2021-03-05 17:36:32.973  INFO 4998 --- [main] com.example.jpa.JpaApplication           : Starting JpaApplication using Java 1.8.0_191 on Sigmob-Mac-mini.local with PID 4998 (/Users/happyelements/IdeaProjects/learn-jpa/target/classes started by happyelements in /Users/happyelements/IdeaProjects/learn-jpa)
2021-03-05 17:36:32.979  INFO 4998 --- [main] com.example.jpa.JpaApplication           : No active profile set, falling back to default profiles: default
2021-03-05 17:36:34.597  INFO 4998 --- [main] .s.d.r.c.RepositoryConfigurationDelegate : Bootstrapping Spring Data JPA repositories in DEFAULT mode.
2021-03-05 17:36:34.762  INFO 4998 --- [main] .s.d.r.c.RepositoryConfigurationDelegate : Finished Spring Data repository scanning in 152 ms. Found 3 JPA repository interfaces.
2021-03-05 17:36:35.252  INFO 4998 --- [main] trationDelegate$BeanPostProcessorChecker : Bean 'com.thebeastshop.forest.springboot.ForestAutoConfiguration' of type [com.thebeastshop.forest.springboot.ForestAutoConfiguration$$EnhancerBySpringCGLIB$$26966b34] is not eligible for getting processed by all BeanPostProcessors (for example: not eligible for auto-proxying)
2021-03-05 17:36:35.280  INFO 4998 --- [main] trationDelegate$BeanPostProcessorChecker : Bean 'forestConfigurationProperties' of type [com.thebeastshop.forest.springboot.properties.ForestConfigurationProperties] is not eligible for getting processed by all BeanPostProcessors (for example: not eligible for auto-proxying)
2021-03-05 17:36:35.326  INFO 4998 --- [main] trationDelegate$BeanPostProcessorChecker : Bean '(inner bean)#b967222' of type [com.dtflys.forest.interceptor.SpringInterceptorFactory] is not eligible for getting processed by all BeanPostProcessors (for example: not eligible for auto-proxying)
2021-03-05 17:36:35.334  INFO 4998 --- [main] trationDelegate$BeanPostProcessorChecker : Bean 'forestConfiguration' of type [com.dtflys.forest.config.ForestConfiguration] is not eligible for getting processed by all BeanPostProcessors (for example: not eligible for auto-proxying)
2021-03-05 17:36:35.386  INFO 4998 --- [main] c.d.f.scanner.ClassPathClientScanner     : [Forest] Created Forest Client Bean with name 'myClient' and Proxy of 'com.example.jpa.client.MyClient' client interface
2021-03-05 17:36:35.433  INFO 4998 --- [main] trationDelegate$BeanPostProcessorChecker : Bean 'myClient' of type [com.dtflys.forest.beans.ClientFactoryBean] is not eligible for getting processed by all BeanPostProcessors (for example: not eligible for auto-proxying)
2021-03-05 17:36:36.166  INFO 4998 --- [main] o.s.b.w.embedded.tomcat.TomcatWebServer  : Tomcat initialized with port(s): 8080 (http)
2021-03-05 17:36:36.181  INFO 4998 --- [main] o.apache.catalina.core.StandardService   : Starting service [Tomcat]
2021-03-05 17:36:36.182  INFO 4998 --- [main] org.apache.catalina.core.StandardEngine  : Starting Servlet engine: [Apache Tomcat/9.0.43]
2021-03-05 17:36:36.351  INFO 4998 --- [main] o.a.c.c.C.[Tomcat].[localhost].[/]       : Initializing Spring embedded WebApplicationContext
2021-03-05 17:36:36.352  INFO 4998 --- [main] w.s.c.ServletWebServerApplicationContext : Root WebApplicationContext: initialization completed in 3192 ms
2021-03-05 17:36:36.971  INFO 4998 --- [main] o.hibernate.jpa.internal.util.LogHelper  : HHH000204: Processing PersistenceUnitInfo [name: default]
2021-03-05 17:36:37.011  INFO 4998 --- [main] org.hibernate.Version                    : HHH000412: Hibernate ORM core version 5.4.28.Final
2021-03-05 17:36:37.113  INFO 4998 --- [main] o.hibernate.annotations.common.Version   : HCANN000001: Hibernate Commons Annotations {5.1.2.Final}
2021-03-05 17:36:37.204  INFO 4998 --- [main] com.zaxxer.hikari.HikariDataSource       : HikariPool-1 - Starting...
2021-03-05 17:36:37.398  INFO 4998 --- [main] com.zaxxer.hikari.HikariDataSource       : HikariPool-1 - Start completed.
2021-03-05 17:36:37.454  INFO 4998 --- [main] org.hibernate.dialect.Dialect            : HHH000400: Using dialect: org.hibernate.dialect.H2Dialect
2021-03-05 17:36:38.485  INFO 4998 --- [main] o.h.e.t.j.p.i.JtaPlatformInitiator       : HHH000490: Using JtaPlatform implementation: [org.hibernate.engine.transaction.jta.platform.internal.NoJtaPlatform]
2021-03-05 17:36:38.494  INFO 4998 --- [main] j.LocalContainerEntityManagerFactoryBean : Initialized JPA EntityManagerFactory for persistence unit 'default'
2021-03-05 17:36:39.591  WARN 4998 --- [main] JpaBaseConfiguration$JpaWebConfiguration : spring.jpa.open-in-view is enabled by default. Therefore, database queries may be performed during view rendering. Explicitly configure spring.jpa.open-in-view to disable this warning
2021-03-05 17:36:40.430  INFO 4998 --- [main] o.s.s.concurrent.ThreadPoolTaskExecutor  : Initializing ExecutorService 'applicationTaskExecutor'
2021-03-05 17:36:41.267  INFO 4998 --- [main] o.s.b.w.embedded.tomcat.TomcatWebServer  : Tomcat started on port(s): 8080 (http) with context path ''
2021-03-05 17:36:41.279  INFO 4998 --- [main] com.example.jpa.JpaApplication           : Started JpaApplication in 9.286 seconds (JVM running for 10.253)
2021-03-05 17:36:56.588  INFO 4998 --- [http-nio-8080-exec-2] o.a.c.c.C.[Tomcat].[localhost].[/]       : Initializing Spring DispatcherServlet 'dispatcherServlet'
2021-03-05 17:36:56.589  INFO 4998 --- [http-nio-8080-exec-2] o.s.web.servlet.DispatcherServlet        : Initializing Servlet 'dispatcherServlet'
2021-03-05 17:36:56.591  INFO 4998 --- [http-nio-8080-exec-2] o.s.web.servlet.DispatcherServlet        : Completed initialization in 2 ms
2021-03-05 17:36:58.294  INFO 4998 --- [http-nio-8080-exec-2] c.e.jpa.event.user.UserCreateEvent       : 新建用户：测试复制大萨达
2021-03-05 17:36:58.392  INFO 4998 --- [http-nio-8080-exec-2] c.e.j.core.CommonResultControllerAdvice  : com.example.jpa.dto.UserDto
2021-03-05 17:36:58.401  INFO 4998 --- [http-nio-8080-exec-2] c.e.j.core.CommonResultControllerAdvice  : [interface com.example.jpa.dto.base.OutputConverter]
2021-03-05 17:37:28.896  INFO 4998 --- [SpringContextShutdownHook] o.s.s.concurrent.ThreadPoolTaskExecutor  : Shutting down ExecutorService 'applicationTaskExecutor'
2021-03-05 17:37:28.898  INFO 4998 --- [SpringContextShutdownHook] j.LocalContainerEntityManagerFactoryBean : Closing JPA EntityManagerFactory for persistence unit 'default'
2021-03-05 17:37:28.901  INFO 4998 --- [SpringContextShutdownHook] com.zaxxer.hikari.HikariDataSource       : HikariPool-1 - Shutdown initiated...
2021-03-05 17:37:28.905  INFO 4998 --- [SpringContextShutdownHook] com.zaxxer.hikari.HikariDataSource       : HikariPool-1 - Shutdown completed.
2021-03-05 17:37:40.303  INFO 5036 --- [main] com.example.jpa.JpaApplication           : Starting JpaApplication using Java 1.8.0_191 on Sigmob-Mac-mini.local with PID 5036 (/Users/happyelements/IdeaProjects/learn-jpa/target/classes started by happyelements in /Users/happyelements/IdeaProjects/learn-jpa)
2021-03-05 17:37:40.310  INFO 5036 --- [main] com.example.jpa.JpaApplication           : No active profile set, falling back to default profiles: default
2021-03-05 17:37:42.236  INFO 5036 --- [main] .s.d.r.c.RepositoryConfigurationDelegate : Bootstrapping Spring Data JPA repositories in DEFAULT mode.
2021-03-05 17:37:42.366  INFO 5036 --- [main] .s.d.r.c.RepositoryConfigurationDelegate : Finished Spring Data repository scanning in 109 ms. Found 3 JPA repository interfaces.
2021-03-05 17:37:43.350  INFO 5036 --- [main] trationDelegate$BeanPostProcessorChecker : Bean 'com.thebeastshop.forest.springboot.ForestAutoConfiguration' of type [com.thebeastshop.forest.springboot.ForestAutoConfiguration$$EnhancerBySpringCGLIB$$2fefcdfb] is not eligible for getting processed by all BeanPostProcessors (for example: not eligible for auto-proxying)
2021-03-05 17:37:43.394  INFO 5036 --- [main] trationDelegate$BeanPostProcessorChecker : Bean 'forestConfigurationProperties' of type [com.thebeastshop.forest.springboot.properties.ForestConfigurationProperties] is not eligible for getting processed by all BeanPostProcessors (for example: not eligible for auto-proxying)
2021-03-05 17:37:43.454  INFO 5036 --- [main] trationDelegate$BeanPostProcessorChecker : Bean '(inner bean)#7af3874e' of type [com.dtflys.forest.interceptor.SpringInterceptorFactory] is not eligible for getting processed by all BeanPostProcessors (for example: not eligible for auto-proxying)
2021-03-05 17:37:43.462  INFO 5036 --- [main] trationDelegate$BeanPostProcessorChecker : Bean 'forestConfiguration' of type [com.dtflys.forest.config.ForestConfiguration] is not eligible for getting processed by all BeanPostProcessors (for example: not eligible for auto-proxying)
2021-03-05 17:37:43.517  INFO 5036 --- [main] c.d.f.scanner.ClassPathClientScanner     : [Forest] Created Forest Client Bean with name 'myClient' and Proxy of 'com.example.jpa.client.MyClient' client interface
2021-03-05 17:37:43.535  INFO 5036 --- [main] trationDelegate$BeanPostProcessorChecker : Bean 'myClient' of type [com.dtflys.forest.beans.ClientFactoryBean] is not eligible for getting processed by all BeanPostProcessors (for example: not eligible for auto-proxying)
2021-03-05 17:37:44.010  INFO 5036 --- [main] o.s.b.w.embedded.tomcat.TomcatWebServer  : Tomcat initialized with port(s): 8080 (http)
2021-03-05 17:37:44.020  INFO 5036 --- [main] o.apache.catalina.core.StandardService   : Starting service [Tomcat]
2021-03-05 17:37:44.021  INFO 5036 --- [main] org.apache.catalina.core.StandardEngine  : Starting Servlet engine: [Apache Tomcat/9.0.43]
2021-03-05 17:37:44.195  INFO 5036 --- [main] o.a.c.c.C.[Tomcat].[localhost].[/]       : Initializing Spring embedded WebApplicationContext
2021-03-05 17:37:44.196  INFO 5036 --- [main] w.s.c.ServletWebServerApplicationContext : Root WebApplicationContext: initialization completed in 3821 ms
2021-03-05 17:37:44.681  INFO 5036 --- [main] o.hibernate.jpa.internal.util.LogHelper  : HHH000204: Processing PersistenceUnitInfo [name: default]
2021-03-05 17:37:44.760  INFO 5036 --- [main] org.hibernate.Version                    : HHH000412: Hibernate ORM core version 5.4.28.Final
2021-03-05 17:37:45.152  INFO 5036 --- [main] o.hibernate.annotations.common.Version   : HCANN000001: Hibernate Commons Annotations {5.1.2.Final}
2021-03-05 17:37:45.295  INFO 5036 --- [main] com.zaxxer.hikari.HikariDataSource       : HikariPool-1 - Starting...
2021-03-05 17:37:45.495  INFO 5036 --- [main] com.zaxxer.hikari.HikariDataSource       : HikariPool-1 - Start completed.
2021-03-05 17:37:45.523  INFO 5036 --- [main] org.hibernate.dialect.Dialect            : HHH000400: Using dialect: org.hibernate.dialect.H2Dialect
2021-03-05 17:37:46.742  INFO 5036 --- [main] o.h.e.t.j.p.i.JtaPlatformInitiator       : HHH000490: Using JtaPlatform implementation: [org.hibernate.engine.transaction.jta.platform.internal.NoJtaPlatform]
2021-03-05 17:37:46.758  INFO 5036 --- [main] j.LocalContainerEntityManagerFactoryBean : Initialized JPA EntityManagerFactory for persistence unit 'default'
2021-03-05 17:37:48.793  WARN 5036 --- [main] JpaBaseConfiguration$JpaWebConfiguration : spring.jpa.open-in-view is enabled by default. Therefore, database queries may be performed during view rendering. Explicitly configure spring.jpa.open-in-view to disable this warning
2021-03-05 17:37:49.749  INFO 5036 --- [main] o.s.s.concurrent.ThreadPoolTaskExecutor  : Initializing ExecutorService 'applicationTaskExecutor'
2021-03-05 17:37:50.433  INFO 5036 --- [main] o.s.b.w.embedded.tomcat.TomcatWebServer  : Tomcat started on port(s): 8080 (http) with context path ''
2021-03-05 17:37:50.446  INFO 5036 --- [main] com.example.jpa.JpaApplication           : Started JpaApplication in 11.548 seconds (JVM running for 14.089)
2021-03-05 17:37:57.650  INFO 5036 --- [http-nio-8080-exec-2] o.a.c.c.C.[Tomcat].[localhost].[/]       : Initializing Spring DispatcherServlet 'dispatcherServlet'
2021-03-05 17:37:57.652  INFO 5036 --- [http-nio-8080-exec-2] o.s.web.servlet.DispatcherServlet        : Initializing Servlet 'dispatcherServlet'
2021-03-05 17:37:57.655  INFO 5036 --- [http-nio-8080-exec-2] o.s.web.servlet.DispatcherServlet        : Completed initialization in 3 ms
2021-03-05 17:38:03.795  INFO 5036 --- [http-nio-8080-exec-2] c.e.jpa.event.user.UserCreateEvent       : 新建用户：测试复制大萨达
2021-03-05 17:38:07.009  INFO 5036 --- [http-nio-8080-exec-2] c.e.j.core.CommonResultControllerAdvice  : com.example.jpa.dto.UserDto
2021-03-05 17:38:07.031  INFO 5036 --- [http-nio-8080-exec-2] c.e.j.core.CommonResultControllerAdvice  : [interface com.example.jpa.dto.base.OutputConverter]
2021-03-05 17:38:20.582  INFO 5036 --- [SpringContextShutdownHook] o.s.s.concurrent.ThreadPoolTaskExecutor  : Shutting down ExecutorService 'applicationTaskExecutor'
2021-03-05 17:38:20.587  INFO 5036 --- [SpringContextShutdownHook] j.LocalContainerEntityManagerFactoryBean : Closing JPA EntityManagerFactory for persistence unit 'default'
2021-03-05 17:38:20.596  INFO 5036 --- [SpringContextShutdownHook] com.zaxxer.hikari.HikariDataSource       : HikariPool-1 - Shutdown initiated...
2021-03-05 17:38:20.623  INFO 5036 --- [SpringContextShutdownHook] com.zaxxer.hikari.HikariDataSource       : HikariPool-1 - Shutdown completed.
2021-03-05 17:38:32.586  INFO 5063 --- [main] com.example.jpa.JpaApplication           : Starting JpaApplication using Java 1.8.0_191 on Sigmob-Mac-mini.local with PID 5063 (/Users/happyelements/IdeaProjects/learn-jpa/target/classes started by happyelements in /Users/happyelements/IdeaProjects/learn-jpa)
2021-03-05 17:38:32.594  INFO 5063 --- [main] com.example.jpa.JpaApplication           : No active profile set, falling back to default profiles: default
2021-03-05 17:38:34.467  INFO 5063 --- [main] .s.d.r.c.RepositoryConfigurationDelegate : Bootstrapping Spring Data JPA repositories in DEFAULT mode.
2021-03-05 17:38:34.584  INFO 5063 --- [main] .s.d.r.c.RepositoryConfigurationDelegate : Finished Spring Data repository scanning in 101 ms. Found 3 JPA repository interfaces.
2021-03-05 17:38:36.857  INFO 5063 --- [main] trationDelegate$BeanPostProcessorChecker : Bean 'com.thebeastshop.forest.springboot.ForestAutoConfiguration' of type [com.thebeastshop.forest.springboot.ForestAutoConfiguration$$EnhancerBySpringCGLIB$$7ddaf496] is not eligible for getting processed by all BeanPostProcessors (for example: not eligible for auto-proxying)
2021-03-05 17:38:37.039  INFO 5063 --- [main] trationDelegate$BeanPostProcessorChecker : Bean 'forestConfigurationProperties' of type [com.thebeastshop.forest.springboot.properties.ForestConfigurationProperties] is not eligible for getting processed by all BeanPostProcessors (for example: not eligible for auto-proxying)
2021-03-05 17:38:37.305  INFO 5063 --- [main] trationDelegate$BeanPostProcessorChecker : Bean '(inner bean)#4e83a98' of type [com.dtflys.forest.interceptor.SpringInterceptorFactory] is not eligible for getting processed by all BeanPostProcessors (for example: not eligible for auto-proxying)
2021-03-05 17:38:37.320  INFO 5063 --- [main] trationDelegate$BeanPostProcessorChecker : Bean 'forestConfiguration' of type [com.dtflys.forest.config.ForestConfiguration] is not eligible for getting processed by all BeanPostProcessors (for example: not eligible for auto-proxying)
2021-03-05 17:38:37.401  INFO 5063 --- [main] c.d.f.scanner.ClassPathClientScanner     : [Forest] Created Forest Client Bean with name 'myClient' and Proxy of 'com.example.jpa.client.MyClient' client interface
2021-03-05 17:38:37.448  INFO 5063 --- [main] trationDelegate$BeanPostProcessorChecker : Bean 'myClient' of type [com.dtflys.forest.beans.ClientFactoryBean] is not eligible for getting processed by all BeanPostProcessors (for example: not eligible for auto-proxying)
2021-03-05 17:38:38.983  INFO 5063 --- [main] o.s.b.w.embedded.tomcat.TomcatWebServer  : Tomcat initialized with port(s): 8080 (http)
2021-03-05 17:38:39.025  INFO 5063 --- [main] o.apache.catalina.core.StandardService   : Starting service [Tomcat]
2021-03-05 17:38:39.026  INFO 5063 --- [main] org.apache.catalina.core.StandardEngine  : Starting Servlet engine: [Apache Tomcat/9.0.43]
2021-03-05 17:38:39.208  INFO 5063 --- [main] o.a.c.c.C.[Tomcat].[localhost].[/]       : Initializing Spring embedded WebApplicationContext
2021-03-05 17:38:39.209  INFO 5063 --- [main] w.s.c.ServletWebServerApplicationContext : Root WebApplicationContext: initialization completed in 6449 ms
2021-03-05 17:38:40.482  INFO 5063 --- [main] o.hibernate.jpa.internal.util.LogHelper  : HHH000204: Processing PersistenceUnitInfo [name: default]
2021-03-05 17:38:40.943  INFO 5063 --- [main] org.hibernate.Version                    : HHH000412: Hibernate ORM core version 5.4.28.Final
2021-03-05 17:38:41.536  INFO 5063 --- [main] o.hibernate.annotations.common.Version   : HCANN000001: Hibernate Commons Annotations {5.1.2.Final}
2021-03-05 17:38:41.945  INFO 5063 --- [main] com.zaxxer.hikari.HikariDataSource       : HikariPool-1 - Starting...
2021-03-05 17:38:42.555  INFO 5063 --- [main] com.zaxxer.hikari.HikariDataSource       : HikariPool-1 - Start completed.
2021-03-05 17:38:42.640  INFO 5063 --- [main] org.hibernate.dialect.Dialect            : HHH000400: Using dialect: org.hibernate.dialect.H2Dialect
2021-03-05 17:38:45.081  INFO 5063 --- [main] o.h.e.t.j.p.i.JtaPlatformInitiator       : HHH000490: Using JtaPlatform implementation: [org.hibernate.engine.transaction.jta.platform.internal.NoJtaPlatform]
2021-03-05 17:38:45.149  INFO 5063 --- [main] j.LocalContainerEntityManagerFactoryBean : Initialized JPA EntityManagerFactory for persistence unit 'default'
2021-03-05 17:38:54.485  WARN 5063 --- [main] JpaBaseConfiguration$JpaWebConfiguration : spring.jpa.open-in-view is enabled by default. Therefore, database queries may be performed during view rendering. Explicitly configure spring.jpa.open-in-view to disable this warning
2021-03-05 17:38:56.571  INFO 5063 --- [main] o.s.s.concurrent.ThreadPoolTaskExecutor  : Initializing ExecutorService 'applicationTaskExecutor'
2021-03-05 17:38:57.336  INFO 5063 --- [main] o.s.b.w.embedded.tomcat.TomcatWebServer  : Tomcat started on port(s): 8080 (http) with context path ''
2021-03-05 17:38:57.349  INFO 5063 --- [main] com.example.jpa.JpaApplication           : Started JpaApplication in 26.69 seconds (JVM running for 29.623)
2021-03-05 17:39:02.923  INFO 5063 --- [http-nio-8080-exec-1] o.a.c.c.C.[Tomcat].[localhost].[/]       : Initializing Spring DispatcherServlet 'dispatcherServlet'
2021-03-05 17:39:02.925  INFO 5063 --- [http-nio-8080-exec-1] o.s.web.servlet.DispatcherServlet        : Initializing Servlet 'dispatcherServlet'
2021-03-05 17:39:02.926  INFO 5063 --- [http-nio-8080-exec-1] o.s.web.servlet.DispatcherServlet        : Completed initialization in 1 ms
2021-03-05 17:39:03.675  INFO 5063 --- [http-nio-8080-exec-1] c.e.jpa.event.user.UserCreateEvent       : 新建用户：测试复制大萨达
2021-03-05 17:39:11.199  INFO 5063 --- [http-nio-8080-exec-1] c.e.jpa.listener.UserEventListener       : UserEventListener: User(id=0, name=测试复制大萨达, password=null, birthday=null, updateTime=null, status=null)
2021-03-05 17:39:11.479  INFO 5063 --- [http-nio-8080-exec-1] c.e.j.core.CommonResultControllerAdvice  : com.example.jpa.dto.UserDto
2021-03-05 17:39:11.479  INFO 5063 --- [http-nio-8080-exec-1] c.e.j.core.CommonResultControllerAdvice  : [interface com.example.jpa.dto.base.OutputConverter]
2021-03-05 17:39:43.226  INFO 5063 --- [SpringContextShutdownHook] o.s.s.concurrent.ThreadPoolTaskExecutor  : Shutting down ExecutorService 'applicationTaskExecutor'
2021-03-05 17:39:43.230  INFO 5063 --- [SpringContextShutdownHook] j.LocalContainerEntityManagerFactoryBean : Closing JPA EntityManagerFactory for persistence unit 'default'
2021-03-05 17:39:43.240  INFO 5063 --- [SpringContextShutdownHook] com.zaxxer.hikari.HikariDataSource       : HikariPool-1 - Shutdown initiated...
2021-03-05 17:39:43.298  INFO 5063 --- [SpringContextShutdownHook] com.zaxxer.hikari.HikariDataSource       : HikariPool-1 - Shutdown completed.
